<?xml version="1.0" encoding="UTF-8"?>
<!-- Generated by org.testng.reporters.JUnitXMLReporter -->
<testsuite hostname="LAPTOP-MGD3483O" tests="3" failures="0" timestamp="22 Nov 2017 00:40:33 GMT" time="2.725" errors="0">
  <testcase name="@AfterMethod setResult" time="0.0" classname="Test">
    <failure type="java.lang.NullPointerException">
      <![CDATA[java.lang.NullPointerException
	at Test.setResult(Test.java:146)
... Removed 26 stack frames]]>
    </failure>
  </testcase> <!-- @AfterMethod setResult -->
  <testcase name="@AfterMethod setResult" time="0.0" classname="Test">
    <skipped/>
  </testcase> <!-- @AfterMethod setResult -->
  <testcase name="@AfterMethod setResult" time="0.0" classname="Test">
    <skipped/>
  </testcase> <!-- @AfterMethod setResult -->
  <testcase name="@AfterTest endTest" time="0.0" classname="Test">
    <skipped/>
  </testcase> <!-- @AfterTest endTest -->
  <testcase name="driverSetup" time="2.516" classname="Test"/>
  <testcase name="passFailed" time="0.001" classname="Test">
    <skipped/>
  </testcase> <!-- passFailed -->
  <testcase name="passTest" time="0.002" classname="Test">
    <skipped/>
  </testcase> <!-- passTest -->
</testsuite>
